0 info it worked if it ends with ok
1 verbose cli [ 'c:\\Program Files (x86)\\nodejs\\node.exe',
1 verbose cli   'c:\\Program Files (x86)\\nodejs\\node_modules\\npm\\bin\\npm-cli.js',
1 verbose cli   'install',
1 verbose cli   'aurelia-http-client' ]
2 info using npm@1.4.28
3 info using node@v0.10.35
4 warn package.json karma-chrome-launcher@0.1.7 No README data
5 warn package.json karma-firefox-launcher@0.1.4 No README data
6 warn package.json karma-mocha@0.1.10 No README data
7 verbose readDependencies using package.json deps
8 verbose cache add [ 'aurelia-http-client', null ]
9 verbose cache add name=undefined spec="aurelia-http-client" args=["aurelia-http-client",null]
10 verbose parsed url { protocol: null,
10 verbose parsed url   slashes: null,
10 verbose parsed url   auth: null,
10 verbose parsed url   host: null,
10 verbose parsed url   port: null,
10 verbose parsed url   hostname: null,
10 verbose parsed url   hash: null,
10 verbose parsed url   search: null,
10 verbose parsed url   query: null,
10 verbose parsed url   pathname: 'aurelia-http-client',
10 verbose parsed url   path: 'aurelia-http-client',
10 verbose parsed url   href: 'aurelia-http-client' }
11 silly lockFile b2f35e2b-aurelia-http-client aurelia-http-client
12 verbose lock aurelia-http-client C:\Users\Andreas\AppData\Roaming\npm-cache\b2f35e2b-aurelia-http-client.lock
13 silly lockFile b2f35e2b-aurelia-http-client aurelia-http-client
14 silly lockFile b2f35e2b-aurelia-http-client aurelia-http-client
15 verbose addNamed [ 'aurelia-http-client', '' ]
16 verbose addNamed [ null, '*' ]
17 silly lockFile f2565fd3-aurelia-http-client aurelia-http-client@
18 verbose lock aurelia-http-client@ C:\Users\Andreas\AppData\Roaming\npm-cache\f2565fd3-aurelia-http-client.lock
19 silly addNameRange { name: 'aurelia-http-client', range: '*', hasData: false }
20 verbose request where is /aurelia-http-client
21 verbose request registry https://registry.npmjs.org/
22 verbose request id 8be7ac6824287ee3
23 verbose url raw /aurelia-http-client
24 verbose url resolving [ 'https://registry.npmjs.org/', './aurelia-http-client' ]
25 verbose url resolved https://registry.npmjs.org/aurelia-http-client
26 verbose request where is https://registry.npmjs.org/aurelia-http-client
27 info trying registry request attempt 1 at 01:03:46
28 http GET https://registry.npmjs.org/aurelia-http-client
29 http 404 https://registry.npmjs.org/aurelia-http-client
30 verbose headers { date: 'Fri, 06 Feb 2015 00:03:30 GMT',
30 verbose headers   server: 'CouchDB/1.5.0 (Erlang OTP/R16B03)',
30 verbose headers   'content-type': 'application/json',
30 verbose headers   'cache-control': 'max-age=0',
30 verbose headers   'content-length': '52',
30 verbose headers   'accept-ranges': 'bytes',
30 verbose headers   via: '1.1 varnish',
30 verbose headers   age: '0',
30 verbose headers   'x-served-by': 'cache-ams4120-AMS',
30 verbose headers   'x-cache': 'MISS',
30 verbose headers   'x-cache-hits': '0',
30 verbose headers   'x-timer': 'S1423181010.208238,VS0,VE648',
30 verbose headers   'keep-alive': 'timeout=10, max=50',
30 verbose headers   connection: 'Keep-Alive' }
31 silly registry.get cb [ 404,
31 silly registry.get   { date: 'Fri, 06 Feb 2015 00:03:30 GMT',
31 silly registry.get     server: 'CouchDB/1.5.0 (Erlang OTP/R16B03)',
31 silly registry.get     'content-type': 'application/json',
31 silly registry.get     'cache-control': 'max-age=0',
31 silly registry.get     'content-length': '52',
31 silly registry.get     'accept-ranges': 'bytes',
31 silly registry.get     via: '1.1 varnish',
31 silly registry.get     age: '0',
31 silly registry.get     'x-served-by': 'cache-ams4120-AMS',
31 silly registry.get     'x-cache': 'MISS',
31 silly registry.get     'x-cache-hits': '0',
31 silly registry.get     'x-timer': 'S1423181010.208238,VS0,VE648',
31 silly registry.get     'keep-alive': 'timeout=10, max=50',
31 silly registry.get     connection: 'Keep-Alive' } ]
32 silly lockFile f2565fd3-aurelia-http-client aurelia-http-client@
33 silly lockFile f2565fd3-aurelia-http-client aurelia-http-client@
34 error 404 404 Not Found: aurelia-http-client
34 error 404
34 error 404 'aurelia-http-client' is not in the npm registry.
34 error 404 You should bug the author to publish it
34 error 404
34 error 404 Note that you can also install from a
34 error 404 tarball, folder, or http url, or git url.
35 error System Windows_NT 6.2.9200
36 error command "c:\\Program Files (x86)\\nodejs\\node.exe" "c:\\Program Files (x86)\\nodejs\\node_modules\\npm\\bin\\npm-cli.js" "install" "aurelia-http-client"
37 error cwd C:\Users\Andreas\Documents\Visual Studio 2015\Projects\LISAM\src\Client
38 error node -v v0.10.35
39 error npm -v 1.4.28
40 error code E404
41 verbose exit [ 1, true ]
